<?xml version="1.0" encoding="UTF-8"?>
<testng-results skipped="0" failed="0" total="2" passed="2">
  <reporter-output>
  </reporter-output>
  <suite name="Suite" duration-ms="19081" started-at="2017-01-10T12:47:19Z" finished-at="2017-01-10T12:47:38Z">
    <groups>
    </groups>
    <test name="Test" duration-ms="19081" started-at="2017-01-10T12:47:19Z" finished-at="2017-01-10T12:47:38Z">
      <class name="testScripts.LoginAndEdit">
        <test-method status="PASS" signature="setUp(java.lang.String)[pri:0, instance:testScripts.LoginAndEdit@148080bb]" name="setUp" is-config="true" duration-ms="3947" started-at="2017-01-10T18:17:15Z" finished-at="2017-01-10T18:17:19Z">
          <params>
            <param index="0">
              <value>
                <![CDATA[Chrome]]>
              </value>
            </param>
          </params>
          <reporter-output>
          </reporter-output>
        </test-method> <!-- setUp -->
        <test-method status="PASS" signature="Login()[pri:0, instance:testScripts.LoginAndEdit@148080bb]" name="Login" duration-ms="12540" started-at="2017-01-10T18:17:19Z" finished-at="2017-01-10T18:17:31Z">
          <reporter-output>
          </reporter-output>
        </test-method> <!-- Login -->
        <test-method status="PASS" signature="editProfile()[pri:0, instance:testScripts.LoginAndEdit@148080bb]" name="editProfile" duration-ms="6504" started-at="2017-01-10T18:17:31Z" finished-at="2017-01-10T18:17:38Z">
          <reporter-output>
          </reporter-output>
        </test-method> <!-- editProfile -->
        <test-method status="PASS" signature="tearDown()[pri:0, instance:testScripts.LoginAndEdit@148080bb]" name="tearDown" is-config="true" duration-ms="1500" started-at="2017-01-10T18:17:38Z" finished-at="2017-01-10T18:17:39Z">
          <reporter-output>
          </reporter-output>
        </test-method> <!-- tearDown -->
      </class> <!-- testScripts.LoginAndEdit -->
    </test> <!-- Test -->
  </suite> <!-- Suite -->
</testng-results>
